// Activity 8943
// Activity 28394
// Tweak layout responsiveness
// Improve animation smoothness
// Minor SEO improvements
// Add new project
// Minor SEO improvements
// Add new project
// Improve animation smoothness
// Add new project
// Minor SEO improvements
// Add new project
// Minor SEO improvements
// Improve animation smoothness
// Add new project
// Add new project
// Minor SEO improvements
// Improve animation smoothness
// Improve animation smoothness
// Tweak layout responsiveness
// Add new project
